2024-06-28 12:44:04,376 - [INFO] - Pika version 1.3.1 connecting to ('::1', 5672, 0, 0)
2024-06-28 12:44:04,377 - [INFO] - Socket connected: <socket.socket fd=4132, family=AddressFamily.AF_INET6, type=SocketKind.SOCK_STREAM, proto=6, laddr=('::1', 56527, 0, 0), raddr=('::1', 5672, 0, 0)>
2024-06-28 12:44:04,378 - [INFO] - Streaming transport linked up: (<pika.adapters.utils.io_services_utils._AsyncPlaintextTransport object at 0x00000257A8668160>, _StreamingProtocolShim: <SelectConnection PROTOCOL transport=<pika.adapters.utils.io_services_utils._AsyncPlaintextTransport object at 0x00000257A8668160> params=<URLParameters host=localhost port=5672 virtual_host=/ ssl=False>>).
2024-06-28 12:44:04,424 - [INFO] - AMQPConnector - reporting success: <SelectConnection OPEN transport=<pika.adapters.utils.io_services_utils._AsyncPlaintextTransport object at 0x00000257A8668160> params=<URLParameters host=localhost port=5672 virtual_host=/ ssl=False>>
2024-06-28 12:44:04,424 - [INFO] - AMQPConnectionWorkflow - reporting success: <SelectConnection OPEN transport=<pika.adapters.utils.io_services_utils._AsyncPlaintextTransport object at 0x00000257A8668160> params=<URLParameters host=localhost port=5672 virtual_host=/ ssl=False>>
2024-06-28 12:44:04,424 - [INFO] - Connection workflow succeeded: <SelectConnection OPEN transport=<pika.adapters.utils.io_services_utils._AsyncPlaintextTransport object at 0x00000257A8668160> params=<URLParameters host=localhost port=5672 virtual_host=/ ssl=False>>
2024-06-28 12:44:04,425 - [INFO] - Created channel=1
2024-06-28 12:44:04,428 - [INFO] - Closing channel (0): 'Normal shutdown' on <Channel number=1 OPEN conn=<SelectConnection OPEN transport=<pika.adapters.utils.io_services_utils._AsyncPlaintextTransport object at 0x00000257A8668160> params=<URLParameters host=localhost port=5672 virtual_host=/ ssl=False>>>
2024-06-28 12:44:04,428 - [INFO] - Received <Channel.CloseOk> on <Channel number=1 CLOSING conn=<SelectConnection OPEN transport=<pika.adapters.utils.io_services_utils._AsyncPlaintextTransport object at 0x00000257A8668160> params=<URLParameters host=localhost port=5672 virtual_host=/ ssl=False>>>
2024-06-28 12:44:04,429 - [INFO] - No message
2024-06-28 12:44:05,434 - [INFO] - Pika version 1.3.1 connecting to ('::1', 5672, 0, 0)
2024-06-28 12:44:05,435 - [INFO] - Socket connected: <socket.socket fd=4152, family=AddressFamily.AF_INET6, type=SocketKind.SOCK_STREAM, proto=6, laddr=('::1', 56530, 0, 0), raddr=('::1', 5672, 0, 0)>
2024-06-28 12:44:05,435 - [INFO] - Streaming transport linked up: (<pika.adapters.utils.io_services_utils._AsyncPlaintextTransport object at 0x00000257A8668A90>, _StreamingProtocolShim: <SelectConnection PROTOCOL transport=<pika.adapters.utils.io_services_utils._AsyncPlaintextTransport object at 0x00000257A8668A90> params=<URLParameters host=localhost port=5672 virtual_host=/ ssl=False>>).
2024-06-28 12:44:05,484 - [INFO] - AMQPConnector - reporting success: <SelectConnection OPEN transport=<pika.adapters.utils.io_services_utils._AsyncPlaintextTransport object at 0x00000257A8668A90> params=<URLParameters host=localhost port=5672 virtual_host=/ ssl=False>>
2024-06-28 12:44:05,484 - [INFO] - AMQPConnectionWorkflow - reporting success: <SelectConnection OPEN transport=<pika.adapters.utils.io_services_utils._AsyncPlaintextTransport object at 0x00000257A8668A90> params=<URLParameters host=localhost port=5672 virtual_host=/ ssl=False>>
2024-06-28 12:44:05,484 - [INFO] - Connection workflow succeeded: <SelectConnection OPEN transport=<pika.adapters.utils.io_services_utils._AsyncPlaintextTransport object at 0x00000257A8668A90> params=<URLParameters host=localhost port=5672 virtual_host=/ ssl=False>>
2024-06-28 12:44:05,484 - [INFO] - Created channel=1
2024-06-28 12:44:05,486 - [INFO] - Closing channel (0): 'Normal shutdown' on <Channel number=1 OPEN conn=<SelectConnection OPEN transport=<pika.adapters.utils.io_services_utils._AsyncPlaintextTransport object at 0x00000257A8668A90> params=<URLParameters host=localhost port=5672 virtual_host=/ ssl=False>>>
2024-06-28 12:44:05,487 - [INFO] - Received <Channel.CloseOk> on <Channel number=1 CLOSING conn=<SelectConnection OPEN transport=<pika.adapters.utils.io_services_utils._AsyncPlaintextTransport object at 0x00000257A8668A90> params=<URLParameters host=localhost port=5672 virtual_host=/ ssl=False>>>
2024-06-28 12:44:05,487 - [INFO] - No message
2024-06-28 12:44:06,502 - [INFO] - Pika version 1.3.1 connecting to ('::1', 5672, 0, 0)
2024-06-28 12:44:06,516 - [INFO] - Socket connected: <socket.socket fd=4188, family=AddressFamily.AF_INET6, type=SocketKind.SOCK_STREAM, proto=6, laddr=('::1', 56533, 0, 0), raddr=('::1', 5672, 0, 0)>
2024-06-28 12:44:06,516 - [INFO] - Streaming transport linked up: (<pika.adapters.utils.io_services_utils._AsyncPlaintextTransport object at 0x00000257A8671320>, _StreamingProtocolShim: <SelectConnection PROTOCOL transport=<pika.adapters.utils.io_services_utils._AsyncPlaintextTransport object at 0x00000257A8671320> params=<URLParameters host=localhost port=5672 virtual_host=/ ssl=False>>).
2024-06-28 12:44:06,564 - [INFO] - AMQPConnector - reporting success: <SelectConnection OPEN transport=<pika.adapters.utils.io_services_utils._AsyncPlaintextTransport object at 0x00000257A8671320> params=<URLParameters host=localhost port=5672 virtual_host=/ ssl=False>>
2024-06-28 12:44:06,564 - [INFO] - AMQPConnectionWorkflow - reporting success: <SelectConnection OPEN transport=<pika.adapters.utils.io_services_utils._AsyncPlaintextTransport object at 0x00000257A8671320> params=<URLParameters host=localhost port=5672 virtual_host=/ ssl=False>>
2024-06-28 12:44:06,564 - [INFO] - Connection workflow succeeded: <SelectConnection OPEN transport=<pika.adapters.utils.io_services_utils._AsyncPlaintextTransport object at 0x00000257A8671320> params=<URLParameters host=localhost port=5672 virtual_host=/ ssl=False>>
2024-06-28 12:44:06,564 - [INFO] - Created channel=1
2024-06-28 12:44:06,567 - [INFO] - Closing channel (0): 'Normal shutdown' on <Channel number=1 OPEN conn=<SelectConnection OPEN transport=<pika.adapters.utils.io_services_utils._AsyncPlaintextTransport object at 0x00000257A8671320> params=<URLParameters host=localhost port=5672 virtual_host=/ ssl=False>>>
2024-06-28 12:44:06,568 - [INFO] - Received <Channel.CloseOk> on <Channel number=1 CLOSING conn=<SelectConnection OPEN transport=<pika.adapters.utils.io_services_utils._AsyncPlaintextTransport object at 0x00000257A8671320> params=<URLParameters host=localhost port=5672 virtual_host=/ ssl=False>>>
2024-06-28 12:44:06,568 - [INFO] - No message
2024-06-28 12:44:07,579 - [INFO] - Pika version 1.3.1 connecting to ('::1', 5672, 0, 0)
2024-06-28 12:44:07,579 - [INFO] - Socket connected: <socket.socket fd=4192, family=AddressFamily.AF_INET6, type=SocketKind.SOCK_STREAM, proto=6, laddr=('::1', 56536, 0, 0), raddr=('::1', 5672, 0, 0)>
2024-06-28 12:44:07,580 - [INFO] - Streaming transport linked up: (<pika.adapters.utils.io_services_utils._AsyncPlaintextTransport object at 0x00000257A8671B70>, _StreamingProtocolShim: <SelectConnection PROTOCOL transport=<pika.adapters.utils.io_services_utils._AsyncPlaintextTransport object at 0x00000257A8671B70> params=<URLParameters host=localhost port=5672 virtual_host=/ ssl=False>>).
2024-06-28 12:44:07,634 - [INFO] - AMQPConnector - reporting success: <SelectConnection OPEN transport=<pika.adapters.utils.io_services_utils._AsyncPlaintextTransport object at 0x00000257A8671B70> params=<URLParameters host=localhost port=5672 virtual_host=/ ssl=False>>
2024-06-28 12:44:07,634 - [INFO] - AMQPConnectionWorkflow - reporting success: <SelectConnection OPEN transport=<pika.adapters.utils.io_services_utils._AsyncPlaintextTransport object at 0x00000257A8671B70> params=<URLParameters host=localhost port=5672 virtual_host=/ ssl=False>>
2024-06-28 12:44:07,635 - [INFO] - Connection workflow succeeded: <SelectConnection OPEN transport=<pika.adapters.utils.io_services_utils._AsyncPlaintextTransport object at 0x00000257A8671B70> params=<URLParameters host=localhost port=5672 virtual_host=/ ssl=False>>
2024-06-28 12:44:07,635 - [INFO] - Created channel=1
2024-06-28 12:44:07,638 - [INFO] - Closing channel (0): 'Normal shutdown' on <Channel number=1 OPEN conn=<SelectConnection OPEN transport=<pika.adapters.utils.io_services_utils._AsyncPlaintextTransport object at 0x00000257A8671B70> params=<URLParameters host=localhost port=5672 virtual_host=/ ssl=False>>>
2024-06-28 12:44:07,639 - [INFO] - Received <Channel.CloseOk> on <Channel number=1 CLOSING conn=<SelectConnection OPEN transport=<pika.adapters.utils.io_services_utils._AsyncPlaintextTransport object at 0x00000257A8671B70> params=<URLParameters host=localhost port=5672 virtual_host=/ ssl=False>>>
2024-06-28 12:44:07,640 - [INFO] - No message
2024-06-28 12:44:08,646 - [INFO] - Pika version 1.3.1 connecting to ('::1', 5672, 0, 0)
2024-06-28 12:44:08,661 - [INFO] - Socket connected: <socket.socket fd=4200, family=AddressFamily.AF_INET6, type=SocketKind.SOCK_STREAM, proto=6, laddr=('::1', 56539, 0, 0), raddr=('::1', 5672, 0, 0)>
2024-06-28 12:44:08,662 - [INFO] - Streaming transport linked up: (<pika.adapters.utils.io_services_utils._AsyncPlaintextTransport object at 0x00000257A8671710>, _StreamingProtocolShim: <SelectConnection PROTOCOL transport=<pika.adapters.utils.io_services_utils._AsyncPlaintextTransport object at 0x00000257A8671710> params=<URLParameters host=localhost port=5672 virtual_host=/ ssl=False>>).
2024-06-28 12:44:08,714 - [INFO] - AMQPConnector - reporting success: <SelectConnection OPEN transport=<pika.adapters.utils.io_services_utils._AsyncPlaintextTransport object at 0x00000257A8671710> params=<URLParameters host=localhost port=5672 virtual_host=/ ssl=False>>
2024-06-28 12:44:08,715 - [INFO] - AMQPConnectionWorkflow - reporting success: <SelectConnection OPEN transport=<pika.adapters.utils.io_services_utils._AsyncPlaintextTransport object at 0x00000257A8671710> params=<URLParameters host=localhost port=5672 virtual_host=/ ssl=False>>
2024-06-28 12:44:08,715 - [INFO] - Connection workflow succeeded: <SelectConnection OPEN transport=<pika.adapters.utils.io_services_utils._AsyncPlaintextTransport object at 0x00000257A8671710> params=<URLParameters host=localhost port=5672 virtual_host=/ ssl=False>>
2024-06-28 12:44:08,715 - [INFO] - Created channel=1
2024-06-28 12:44:08,718 - [INFO] - Closing channel (0): 'Normal shutdown' on <Channel number=1 OPEN conn=<SelectConnection OPEN transport=<pika.adapters.utils.io_services_utils._AsyncPlaintextTransport object at 0x00000257A8671710> params=<URLParameters host=localhost port=5672 virtual_host=/ ssl=False>>>
2024-06-28 12:44:08,719 - [INFO] - Received <Channel.CloseOk> on <Channel number=1 CLOSING conn=<SelectConnection OPEN transport=<pika.adapters.utils.io_services_utils._AsyncPlaintextTransport object at 0x00000257A8671710> params=<URLParameters host=localhost port=5672 virtual_host=/ ssl=False>>>
2024-06-28 12:44:08,719 - [INFO] - No message
2024-06-28 12:44:09,730 - [INFO] - Pika version 1.3.1 connecting to ('::1', 5672, 0, 0)
2024-06-28 12:44:09,731 - [INFO] - Socket connected: <socket.socket fd=4136, family=AddressFamily.AF_INET6, type=SocketKind.SOCK_STREAM, proto=6, laddr=('::1', 56542, 0, 0), raddr=('::1', 5672, 0, 0)>
2024-06-28 12:44:09,731 - [INFO] - Streaming transport linked up: (<pika.adapters.utils.io_services_utils._AsyncPlaintextTransport object at 0x00000257A8668A20>, _StreamingProtocolShim: <SelectConnection PROTOCOL transport=<pika.adapters.utils.io_services_utils._AsyncPlaintextTransport object at 0x00000257A8668A20> params=<URLParameters host=localhost port=5672 virtual_host=/ ssl=False>>).
2024-06-28 12:44:09,785 - [INFO] - AMQPConnector - reporting success: <SelectConnection OPEN transport=<pika.adapters.utils.io_services_utils._AsyncPlaintextTransport object at 0x00000257A8668A20> params=<URLParameters host=localhost port=5672 virtual_host=/ ssl=False>>
2024-06-28 12:44:09,785 - [INFO] - AMQPConnectionWorkflow - reporting success: <SelectConnection OPEN transport=<pika.adapters.utils.io_services_utils._AsyncPlaintextTransport object at 0x00000257A8668A20> params=<URLParameters host=localhost port=5672 virtual_host=/ ssl=False>>
2024-06-28 12:44:09,785 - [INFO] - Connection workflow succeeded: <SelectConnection OPEN transport=<pika.adapters.utils.io_services_utils._AsyncPlaintextTransport object at 0x00000257A8668A20> params=<URLParameters host=localhost port=5672 virtual_host=/ ssl=False>>
2024-06-28 12:44:09,785 - [INFO] - Created channel=1
2024-06-28 12:44:09,788 - [INFO] - Closing channel (0): 'Normal shutdown' on <Channel number=1 OPEN conn=<SelectConnection OPEN transport=<pika.adapters.utils.io_services_utils._AsyncPlaintextTransport object at 0x00000257A8668A20> params=<URLParameters host=localhost port=5672 virtual_host=/ ssl=False>>>
2024-06-28 12:44:09,789 - [INFO] - Received <Channel.CloseOk> on <Channel number=1 CLOSING conn=<SelectConnection OPEN transport=<pika.adapters.utils.io_services_utils._AsyncPlaintextTransport object at 0x00000257A8668A20> params=<URLParameters host=localhost port=5672 virtual_host=/ ssl=False>>>
2024-06-28 12:44:09,790 - [INFO] - No message
2024-06-28 12:44:10,799 - [INFO] - Pika version 1.3.1 connecting to ('::1', 5672, 0, 0)
2024-06-28 12:44:10,813 - [INFO] - Socket connected: <socket.socket fd=4212, family=AddressFamily.AF_INET6, type=SocketKind.SOCK_STREAM, proto=6, laddr=('::1', 56547, 0, 0), raddr=('::1', 5672, 0, 0)>
2024-06-28 12:44:10,813 - [INFO] - Streaming transport linked up: (<pika.adapters.utils.io_services_utils._AsyncPlaintextTransport object at 0x00000257A86822B0>, _StreamingProtocolShim: <SelectConnection PROTOCOL transport=<pika.adapters.utils.io_services_utils._AsyncPlaintextTransport object at 0x00000257A86822B0> params=<URLParameters host=localhost port=5672 virtual_host=/ ssl=False>>).
2024-06-28 12:44:10,864 - [INFO] - AMQPConnector - reporting success: <SelectConnection OPEN transport=<pika.adapters.utils.io_services_utils._AsyncPlaintextTransport object at 0x00000257A86822B0> params=<URLParameters host=localhost port=5672 virtual_host=/ ssl=False>>
2024-06-28 12:44:10,865 - [INFO] - AMQPConnectionWorkflow - reporting success: <SelectConnection OPEN transport=<pika.adapters.utils.io_services_utils._AsyncPlaintextTransport object at 0x00000257A86822B0> params=<URLParameters host=localhost port=5672 virtual_host=/ ssl=False>>
2024-06-28 12:44:10,865 - [INFO] - Connection workflow succeeded: <SelectConnection OPEN transport=<pika.adapters.utils.io_services_utils._AsyncPlaintextTransport object at 0x00000257A86822B0> params=<URLParameters host=localhost port=5672 virtual_host=/ ssl=False>>
2024-06-28 12:44:10,865 - [INFO] - Created channel=1
2024-06-28 12:44:10,868 - [INFO] - Closing channel (0): 'Normal shutdown' on <Channel number=1 OPEN conn=<SelectConnection OPEN transport=<pika.adapters.utils.io_services_utils._AsyncPlaintextTransport object at 0x00000257A86822B0> params=<URLParameters host=localhost port=5672 virtual_host=/ ssl=False>>>
2024-06-28 12:44:10,870 - [INFO] - Received <Channel.CloseOk> on <Channel number=1 CLOSING conn=<SelectConnection OPEN transport=<pika.adapters.utils.io_services_utils._AsyncPlaintextTransport object at 0x00000257A86822B0> params=<URLParameters host=localhost port=5672 virtual_host=/ ssl=False>>>
2024-06-28 12:44:10,870 - [INFO] - No message
2024-06-28 12:44:11,882 - [INFO] - Pika version 1.3.1 connecting to ('::1', 5672, 0, 0)
2024-06-28 12:44:11,882 - [INFO] - Socket connected: <socket.socket fd=4248, family=AddressFamily.AF_INET6, type=SocketKind.SOCK_STREAM, proto=6, laddr=('::1', 56550, 0, 0), raddr=('::1', 5672, 0, 0)>
2024-06-28 12:44:11,883 - [INFO] - Streaming transport linked up: (<pika.adapters.utils.io_services_utils._AsyncPlaintextTransport object at 0x00000257A86828D0>, _StreamingProtocolShim: <SelectConnection PROTOCOL transport=<pika.adapters.utils.io_services_utils._AsyncPlaintextTransport object at 0x00000257A86828D0> params=<URLParameters host=localhost port=5672 virtual_host=/ ssl=False>>).
2024-06-28 12:44:11,934 - [INFO] - AMQPConnector - reporting success: <SelectConnection OPEN transport=<pika.adapters.utils.io_services_utils._AsyncPlaintextTransport object at 0x00000257A86828D0> params=<URLParameters host=localhost port=5672 virtual_host=/ ssl=False>>
2024-06-28 12:44:11,935 - [INFO] - AMQPConnectionWorkflow - reporting success: <SelectConnection OPEN transport=<pika.adapters.utils.io_services_utils._AsyncPlaintextTransport object at 0x00000257A86828D0> params=<URLParameters host=localhost port=5672 virtual_host=/ ssl=False>>
2024-06-28 12:44:11,935 - [INFO] - Connection workflow succeeded: <SelectConnection OPEN transport=<pika.adapters.utils.io_services_utils._AsyncPlaintextTransport object at 0x00000257A86828D0> params=<URLParameters host=localhost port=5672 virtual_host=/ ssl=False>>
2024-06-28 12:44:11,935 - [INFO] - Created channel=1
2024-06-28 12:44:11,939 - [INFO] - Closing channel (0): 'Normal shutdown' on <Channel number=1 OPEN conn=<SelectConnection OPEN transport=<pika.adapters.utils.io_services_utils._AsyncPlaintextTransport object at 0x00000257A86828D0> params=<URLParameters host=localhost port=5672 virtual_host=/ ssl=False>>>
2024-06-28 12:44:11,940 - [INFO] - Received <Channel.CloseOk> on <Channel number=1 CLOSING conn=<SelectConnection OPEN transport=<pika.adapters.utils.io_services_utils._AsyncPlaintextTransport object at 0x00000257A86828D0> params=<URLParameters host=localhost port=5672 virtual_host=/ ssl=False>>>
2024-06-28 12:44:11,941 - [INFO] - No message
2024-06-28 12:44:12,955 - [INFO] - Pika version 1.3.1 connecting to ('::1', 5672, 0, 0)
2024-06-28 12:44:12,969 - [INFO] - Socket connected: <socket.socket fd=4284, family=AddressFamily.AF_INET6, type=SocketKind.SOCK_STREAM, proto=6, laddr=('::1', 56553, 0, 0), raddr=('::1', 5672, 0, 0)>
2024-06-28 12:44:12,969 - [INFO] - Streaming transport linked up: (<pika.adapters.utils.io_services_utils._AsyncPlaintextTransport object at 0x00000257A8689160>, _StreamingProtocolShim: <SelectConnection PROTOCOL transport=<pika.adapters.utils.io_services_utils._AsyncPlaintextTransport object at 0x00000257A8689160> params=<URLParameters host=localhost port=5672 virtual_host=/ ssl=False>>).
2024-06-28 12:44:13,015 - [INFO] - AMQPConnector - reporting success: <SelectConnection OPEN transport=<pika.adapters.utils.io_services_utils._AsyncPlaintextTransport object at 0x00000257A8689160> params=<URLParameters host=localhost port=5672 virtual_host=/ ssl=False>>
2024-06-28 12:44:13,015 - [INFO] - AMQPConnectionWorkflow - reporting success: <SelectConnection OPEN transport=<pika.adapters.utils.io_services_utils._AsyncPlaintextTransport object at 0x00000257A8689160> params=<URLParameters host=localhost port=5672 virtual_host=/ ssl=False>>
2024-06-28 12:44:13,015 - [INFO] - Connection workflow succeeded: <SelectConnection OPEN transport=<pika.adapters.utils.io_services_utils._AsyncPlaintextTransport object at 0x00000257A8689160> params=<URLParameters host=localhost port=5672 virtual_host=/ ssl=False>>
2024-06-28 12:44:13,016 - [INFO] - Created channel=1
2024-06-28 12:44:13,019 - [INFO] - Closing channel (0): 'Normal shutdown' on <Channel number=1 OPEN conn=<SelectConnection OPEN transport=<pika.adapters.utils.io_services_utils._AsyncPlaintextTransport object at 0x00000257A8689160> params=<URLParameters host=localhost port=5672 virtual_host=/ ssl=False>>>
2024-06-28 12:44:13,021 - [INFO] - Received <Channel.CloseOk> on <Channel number=1 CLOSING conn=<SelectConnection OPEN transport=<pika.adapters.utils.io_services_utils._AsyncPlaintextTransport object at 0x00000257A8689160> params=<URLParameters host=localhost port=5672 virtual_host=/ ssl=False>>>
2024-06-28 12:44:13,021 - [INFO] - No message
2024-06-28 12:44:14,030 - [INFO] - Pika version 1.3.1 connecting to ('::1', 5672, 0, 0)
2024-06-28 12:44:14,030 - [INFO] - Socket connected: <socket.socket fd=4288, family=AddressFamily.AF_INET6, type=SocketKind.SOCK_STREAM, proto=6, laddr=('::1', 56556, 0, 0), raddr=('::1', 5672, 0, 0)>
2024-06-28 12:44:14,030 - [INFO] - Streaming transport linked up: (<pika.adapters.utils.io_services_utils._AsyncPlaintextTransport object at 0x00000257A86899B0>, _StreamingProtocolShim: <SelectConnection PROTOCOL transport=<pika.adapters.utils.io_services_utils._AsyncPlaintextTransport object at 0x00000257A86899B0> params=<URLParameters host=localhost port=5672 virtual_host=/ ssl=False>>).
2024-06-28 12:44:14,085 - [INFO] - AMQPConnector - reporting success: <SelectConnection OPEN transport=<pika.adapters.utils.io_services_utils._AsyncPlaintextTransport object at 0x00000257A86899B0> params=<URLParameters host=localhost port=5672 virtual_host=/ ssl=False>>
2024-06-28 12:44:14,085 - [INFO] - AMQPConnectionWorkflow - reporting success: <SelectConnection OPEN transport=<pika.adapters.utils.io_services_utils._AsyncPlaintextTransport object at 0x00000257A86899B0> params=<URLParameters host=localhost port=5672 virtual_host=/ ssl=False>>
2024-06-28 12:44:14,085 - [INFO] - Connection workflow succeeded: <SelectConnection OPEN transport=<pika.adapters.utils.io_services_utils._AsyncPlaintextTransport object at 0x00000257A86899B0> params=<URLParameters host=localhost port=5672 virtual_host=/ ssl=False>>
2024-06-28 12:44:14,085 - [INFO] - Created channel=1
2024-06-28 12:44:14,089 - [INFO] - Closing channel (0): 'Normal shutdown' on <Channel number=1 OPEN conn=<SelectConnection OPEN transport=<pika.adapters.utils.io_services_utils._AsyncPlaintextTransport object at 0x00000257A86899B0> params=<URLParameters host=localhost port=5672 virtual_host=/ ssl=False>>>
2024-06-28 12:44:14,090 - [INFO] - Received <Channel.CloseOk> on <Channel number=1 CLOSING conn=<SelectConnection OPEN transport=<pika.adapters.utils.io_services_utils._AsyncPlaintextTransport object at 0x00000257A86899B0> params=<URLParameters host=localhost port=5672 virtual_host=/ ssl=False>>>
2024-06-28 12:44:14,090 - [INFO] - No message
2024-06-28 12:44:15,102 - [INFO] - Pika version 1.3.1 connecting to ('::1', 5672, 0, 0)
2024-06-28 12:44:15,103 - [INFO] - Socket connected: <socket.socket fd=4276, family=AddressFamily.AF_INET6, type=SocketKind.SOCK_STREAM, proto=6, laddr=('::1', 56559, 0, 0), raddr=('::1', 5672, 0, 0)>
2024-06-28 12:44:15,103 - [INFO] - Streaming transport linked up: (<pika.adapters.utils.io_services_utils._AsyncPlaintextTransport object at 0x00000257A8678240>, _StreamingProtocolShim: <SelectConnection PROTOCOL transport=<pika.adapters.utils.io_services_utils._AsyncPlaintextTransport object at 0x00000257A8678240> params=<URLParameters host=localhost port=5672 virtual_host=/ ssl=False>>).
2024-06-28 12:44:15,154 - [INFO] - AMQPConnector - reporting success: <SelectConnection OPEN transport=<pika.adapters.utils.io_services_utils._AsyncPlaintextTransport object at 0x00000257A8678240> params=<URLParameters host=localhost port=5672 virtual_host=/ ssl=False>>
2024-06-28 12:44:15,155 - [INFO] - AMQPConnectionWorkflow - reporting success: <SelectConnection OPEN transport=<pika.adapters.utils.io_services_utils._AsyncPlaintextTransport object at 0x00000257A8678240> params=<URLParameters host=localhost port=5672 virtual_host=/ ssl=False>>
2024-06-28 12:44:15,155 - [INFO] - Connection workflow succeeded: <SelectConnection OPEN transport=<pika.adapters.utils.io_services_utils._AsyncPlaintextTransport object at 0x00000257A8678240> params=<URLParameters host=localhost port=5672 virtual_host=/ ssl=False>>
2024-06-28 12:44:15,155 - [INFO] - Created channel=1
2024-06-28 12:44:15,158 - [INFO] - Closing channel (0): 'Normal shutdown' on <Channel number=1 OPEN conn=<SelectConnection OPEN transport=<pika.adapters.utils.io_services_utils._AsyncPlaintextTransport object at 0x00000257A8678240> params=<URLParameters host=localhost port=5672 virtual_host=/ ssl=False>>>
2024-06-28 12:44:15,159 - [INFO] - Received <Channel.CloseOk> on <Channel number=1 CLOSING conn=<SelectConnection OPEN transport=<pika.adapters.utils.io_services_utils._AsyncPlaintextTransport object at 0x00000257A8678240> params=<URLParameters host=localhost port=5672 virtual_host=/ ssl=False>>>
2024-06-28 12:44:15,159 - [INFO] - No message
2024-06-28 12:44:16,161 - [INFO] - Pika version 1.3.1 connecting to ('::1', 5672, 0, 0)
2024-06-28 12:44:16,162 - [INFO] - Socket connected: <socket.socket fd=4308, family=AddressFamily.AF_INET6, type=SocketKind.SOCK_STREAM, proto=6, laddr=('::1', 56562, 0, 0), raddr=('::1', 5672, 0, 0)>
2024-06-28 12:44:16,162 - [INFO] - Streaming transport linked up: (<pika.adapters.utils.io_services_utils._AsyncPlaintextTransport object at 0x00000257A8678A90>, _StreamingProtocolShim: <SelectConnection PROTOCOL transport=<pika.adapters.utils.io_services_utils._AsyncPlaintextTransport object at 0x00000257A8678A90> params=<URLParameters host=localhost port=5672 virtual_host=/ ssl=False>>).
2024-06-28 12:44:16,214 - [INFO] - AMQPConnector - reporting success: <SelectConnection OPEN transport=<pika.adapters.utils.io_services_utils._AsyncPlaintextTransport object at 0x00000257A8678A90> params=<URLParameters host=localhost port=5672 virtual_host=/ ssl=False>>
2024-06-28 12:44:16,214 - [INFO] - AMQPConnectionWorkflow - reporting success: <SelectConnection OPEN transport=<pika.adapters.utils.io_services_utils._AsyncPlaintextTransport object at 0x00000257A8678A90> params=<URLParameters host=localhost port=5672 virtual_host=/ ssl=False>>
2024-06-28 12:44:16,214 - [INFO] - Connection workflow succeeded: <SelectConnection OPEN transport=<pika.adapters.utils.io_services_utils._AsyncPlaintextTransport object at 0x00000257A8678A90> params=<URLParameters host=localhost port=5672 virtual_host=/ ssl=False>>
2024-06-28 12:44:16,214 - [INFO] - Created channel=1
2024-06-28 12:44:16,218 - [INFO] - Closing channel (0): 'Normal shutdown' on <Channel number=1 OPEN conn=<SelectConnection OPEN transport=<pika.adapters.utils.io_services_utils._AsyncPlaintextTransport object at 0x00000257A8678A90> params=<URLParameters host=localhost port=5672 virtual_host=/ ssl=False>>>
2024-06-28 12:44:16,220 - [INFO] - Received <Channel.CloseOk> on <Channel number=1 CLOSING conn=<SelectConnection OPEN transport=<pika.adapters.utils.io_services_utils._AsyncPlaintextTransport object at 0x00000257A8678A90> params=<URLParameters host=localhost port=5672 virtual_host=/ ssl=False>>>
2024-06-28 12:44:16,220 - [INFO] - No message
2024-06-28 12:44:17,234 - [INFO] - Pika version 1.3.1 connecting to ('::1', 5672, 0, 0)
2024-06-28 12:44:17,235 - [INFO] - Socket connected: <socket.socket fd=4284, family=AddressFamily.AF_INET6, type=SocketKind.SOCK_STREAM, proto=6, laddr=('::1', 56565, 0, 0), raddr=('::1', 5672, 0, 0)>
2024-06-28 12:44:17,235 - [INFO] - Streaming transport linked up: (<pika.adapters.utils.io_services_utils._AsyncPlaintextTransport object at 0x00000257A8689AC8>, _StreamingProtocolShim: <SelectConnection PROTOCOL transport=<pika.adapters.utils.io_services_utils._AsyncPlaintextTransport object at 0x00000257A8689AC8> params=<URLParameters host=localhost port=5672 virtual_host=/ ssl=False>>).
2024-06-28 12:44:17,284 - [INFO] - AMQPConnector - reporting success: <SelectConnection OPEN transport=<pika.adapters.utils.io_services_utils._AsyncPlaintextTransport object at 0x00000257A8689AC8> params=<URLParameters host=localhost port=5672 virtual_host=/ ssl=False>>
2024-06-28 12:44:17,284 - [INFO] - AMQPConnectionWorkflow - reporting success: <SelectConnection OPEN transport=<pika.adapters.utils.io_services_utils._AsyncPlaintextTransport object at 0x00000257A8689AC8> params=<URLParameters host=localhost port=5672 virtual_host=/ ssl=False>>
2024-06-28 12:44:17,284 - [INFO] - Connection workflow succeeded: <SelectConnection OPEN transport=<pika.adapters.utils.io_services_utils._AsyncPlaintextTransport object at 0x00000257A8689AC8> params=<URLParameters host=localhost port=5672 virtual_host=/ ssl=False>>
2024-06-28 12:44:17,284 - [INFO] - Created channel=1
2024-06-28 12:44:17,286 - [INFO] - Closing channel (0): 'Normal shutdown' on <Channel number=1 OPEN conn=<SelectConnection OPEN transport=<pika.adapters.utils.io_services_utils._AsyncPlaintextTransport object at 0x00000257A8689AC8> params=<URLParameters host=localhost port=5672 virtual_host=/ ssl=False>>>
2024-06-28 12:44:17,288 - [INFO] - Received <Channel.CloseOk> on <Channel number=1 CLOSING conn=<SelectConnection OPEN transport=<pika.adapters.utils.io_services_utils._AsyncPlaintextTransport object at 0x00000257A8689AC8> params=<URLParameters host=localhost port=5672 virtual_host=/ ssl=False>>>
2024-06-28 12:44:17,288 - [INFO] - No message
2024-06-28 12:44:18,304 - [INFO] - Pika version 1.3.1 connecting to ('::1', 5672, 0, 0)
2024-06-28 12:44:18,318 - [INFO] - Socket connected: <socket.socket fd=4060, family=AddressFamily.AF_INET6, type=SocketKind.SOCK_STREAM, proto=6, laddr=('::1', 56568, 0, 0), raddr=('::1', 5672, 0, 0)>
2024-06-28 12:44:18,319 - [INFO] - Streaming transport linked up: (<pika.adapters.utils.io_services_utils._AsyncPlaintextTransport object at 0x00000257A8682DD8>, _StreamingProtocolShim: <SelectConnection PROTOCOL transport=<pika.adapters.utils.io_services_utils._AsyncPlaintextTransport object at 0x00000257A8682DD8> params=<URLParameters host=localhost port=5672 virtual_host=/ ssl=False>>).
2024-06-28 12:44:18,365 - [INFO] - AMQPConnector - reporting success: <SelectConnection OPEN transport=<pika.adapters.utils.io_services_utils._AsyncPlaintextTransport object at 0x00000257A8682DD8> params=<URLParameters host=localhost port=5672 virtual_host=/ ssl=False>>
2024-06-28 12:44:18,365 - [INFO] - AMQPConnectionWorkflow - reporting success: <SelectConnection OPEN transport=<pika.adapters.utils.io_services_utils._AsyncPlaintextTransport object at 0x00000257A8682DD8> params=<URLParameters host=localhost port=5672 virtual_host=/ ssl=False>>
2024-06-28 12:44:18,365 - [INFO] - Connection workflow succeeded: <SelectConnection OPEN transport=<pika.adapters.utils.io_services_utils._AsyncPlaintextTransport object at 0x00000257A8682DD8> params=<URLParameters host=localhost port=5672 virtual_host=/ ssl=False>>
2024-06-28 12:44:18,365 - [INFO] - Created channel=1
2024-06-28 12:44:18,370 - [INFO] - Closing channel (0): 'Normal shutdown' on <Channel number=1 OPEN conn=<SelectConnection OPEN transport=<pika.adapters.utils.io_services_utils._AsyncPlaintextTransport object at 0x00000257A8682DD8> params=<URLParameters host=localhost port=5672 virtual_host=/ ssl=False>>>
2024-06-28 12:44:18,372 - [INFO] - Received <Channel.CloseOk> on <Channel number=1 CLOSING conn=<SelectConnection OPEN transport=<pika.adapters.utils.io_services_utils._AsyncPlaintextTransport object at 0x00000257A8682DD8> params=<URLParameters host=localhost port=5672 virtual_host=/ ssl=False>>>
2024-06-28 12:44:18,372 - [INFO] - No message
2024-06-28 12:44:19,390 - [INFO] - Pika version 1.3.1 connecting to ('::1', 5672, 0, 0)
2024-06-28 12:44:19,390 - [INFO] - Socket connected: <socket.socket fd=4252, family=AddressFamily.AF_INET6, type=SocketKind.SOCK_STREAM, proto=6, laddr=('::1', 56571, 0, 0), raddr=('::1', 5672, 0, 0)>
2024-06-28 12:44:19,390 - [INFO] - Streaming transport linked up: (<pika.adapters.utils.io_services_utils._AsyncPlaintextTransport object at 0x00000257A86829E8>, _StreamingProtocolShim: <SelectConnection PROTOCOL transport=<pika.adapters.utils.io_services_utils._AsyncPlaintextTransport object at 0x00000257A86829E8> params=<URLParameters host=localhost port=5672 virtual_host=/ ssl=False>>).
2024-06-28 12:44:19,443 - [INFO] - AMQPConnector - reporting success: <SelectConnection OPEN transport=<pika.adapters.utils.io_services_utils._AsyncPlaintextTransport object at 0x00000257A86829E8> params=<URLParameters host=localhost port=5672 virtual_host=/ ssl=False>>
2024-06-28 12:44:19,443 - [INFO] - AMQPConnectionWorkflow - reporting success: <SelectConnection OPEN transport=<pika.adapters.utils.io_services_utils._AsyncPlaintextTransport object at 0x00000257A86829E8> params=<URLParameters host=localhost port=5672 virtual_host=/ ssl=False>>
2024-06-28 12:44:19,444 - [INFO] - Connection workflow succeeded: <SelectConnection OPEN transport=<pika.adapters.utils.io_services_utils._AsyncPlaintextTransport object at 0x00000257A86829E8> params=<URLParameters host=localhost port=5672 virtual_host=/ ssl=False>>
2024-06-28 12:44:19,444 - [INFO] - Created channel=1
2024-06-28 12:44:19,446 - [INFO] - Closing channel (0): 'Normal shutdown' on <Channel number=1 OPEN conn=<SelectConnection OPEN transport=<pika.adapters.utils.io_services_utils._AsyncPlaintextTransport object at 0x00000257A86829E8> params=<URLParameters host=localhost port=5672 virtual_host=/ ssl=False>>>
2024-06-28 12:44:19,447 - [INFO] - Received <Channel.CloseOk> on <Channel number=1 CLOSING conn=<SelectConnection OPEN transport=<pika.adapters.utils.io_services_utils._AsyncPlaintextTransport object at 0x00000257A86829E8> params=<URLParameters host=localhost port=5672 virtual_host=/ ssl=False>>>
2024-06-28 12:44:19,447 - [INFO] - No message
2024-06-28 12:44:20,464 - [INFO] - Pika version 1.3.1 connecting to ('::1', 5672, 0, 0)
2024-06-28 12:44:20,464 - [INFO] - Socket connected: <socket.socket fd=4300, family=AddressFamily.AF_INET6, type=SocketKind.SOCK_STREAM, proto=6, laddr=('::1', 56574, 0, 0), raddr=('::1', 5672, 0, 0)>
2024-06-28 12:44:20,465 - [INFO] - Streaming transport linked up: (<pika.adapters.utils.io_services_utils._AsyncPlaintextTransport object at 0x00000257A8668DA0>, _StreamingProtocolShim: <SelectConnection PROTOCOL transport=<pika.adapters.utils.io_services_utils._AsyncPlaintextTransport object at 0x00000257A8668DA0> params=<URLParameters host=localhost port=5672 virtual_host=/ ssl=False>>).
2024-06-28 12:44:20,514 - [INFO] - AMQPConnector - reporting success: <SelectConnection OPEN transport=<pika.adapters.utils.io_services_utils._AsyncPlaintextTransport object at 0x00000257A8668DA0> params=<URLParameters host=localhost port=5672 virtual_host=/ ssl=False>>
2024-06-28 12:44:20,514 - [INFO] - AMQPConnectionWorkflow - reporting success: <SelectConnection OPEN transport=<pika.adapters.utils.io_services_utils._AsyncPlaintextTransport object at 0x00000257A8668DA0> params=<URLParameters host=localhost port=5672 virtual_host=/ ssl=False>>
2024-06-28 12:44:20,515 - [INFO] - Connection workflow succeeded: <SelectConnection OPEN transport=<pika.adapters.utils.io_services_utils._AsyncPlaintextTransport object at 0x00000257A8668DA0> params=<URLParameters host=localhost port=5672 virtual_host=/ ssl=False>>
2024-06-28 12:44:20,515 - [INFO] - Created channel=1
2024-06-28 12:44:20,517 - [INFO] - Closing channel (0): 'Normal shutdown' on <Channel number=1 OPEN conn=<SelectConnection OPEN transport=<pika.adapters.utils.io_services_utils._AsyncPlaintextTransport object at 0x00000257A8668DA0> params=<URLParameters host=localhost port=5672 virtual_host=/ ssl=False>>>
2024-06-28 12:44:20,518 - [INFO] - Received <Channel.CloseOk> on <Channel number=1 CLOSING conn=<SelectConnection OPEN transport=<pika.adapters.utils.io_services_utils._AsyncPlaintextTransport object at 0x00000257A8668DA0> params=<URLParameters host=localhost port=5672 virtual_host=/ ssl=False>>>
2024-06-28 12:44:20,518 - [INFO] - No message
2024-06-28 12:44:21,531 - [INFO] - Pika version 1.3.1 connecting to ('::1', 5672, 0, 0)
2024-06-28 12:44:21,532 - [INFO] - Socket connected: <socket.socket fd=4236, family=AddressFamily.AF_INET6, type=SocketKind.SOCK_STREAM, proto=6, laddr=('::1', 56577, 0, 0), raddr=('::1', 5672, 0, 0)>
2024-06-28 12:44:21,532 - [INFO] - Streaming transport linked up: (<pika.adapters.utils.io_services_utils._AsyncPlaintextTransport object at 0x00000257A8678978>, _StreamingProtocolShim: <SelectConnection PROTOCOL transport=<pika.adapters.utils.io_services_utils._AsyncPlaintextTransport object at 0x00000257A8678978> params=<URLParameters host=localhost port=5672 virtual_host=/ ssl=False>>).
2024-06-28 12:44:21,584 - [INFO] - AMQPConnector - reporting success: <SelectConnection OPEN transport=<pika.adapters.utils.io_services_utils._AsyncPlaintextTransport object at 0x00000257A8678978> params=<URLParameters host=localhost port=5672 virtual_host=/ ssl=False>>
2024-06-28 12:44:21,584 - [INFO] - AMQPConnectionWorkflow - reporting success: <SelectConnection OPEN transport=<pika.adapters.utils.io_services_utils._AsyncPlaintextTransport object at 0x00000257A8678978> params=<URLParameters host=localhost port=5672 virtual_host=/ ssl=False>>
2024-06-28 12:44:21,584 - [INFO] - Connection workflow succeeded: <SelectConnection OPEN transport=<pika.adapters.utils.io_services_utils._AsyncPlaintextTransport object at 0x00000257A8678978> params=<URLParameters host=localhost port=5672 virtual_host=/ ssl=False>>
2024-06-28 12:44:21,584 - [INFO] - Created channel=1
2024-06-28 12:44:21,587 - [INFO] - Closing channel (0): 'Normal shutdown' on <Channel number=1 OPEN conn=<SelectConnection OPEN transport=<pika.adapters.utils.io_services_utils._AsyncPlaintextTransport object at 0x00000257A8678978> params=<URLParameters host=localhost port=5672 virtual_host=/ ssl=False>>>
2024-06-28 12:44:21,588 - [INFO] - Received <Channel.CloseOk> on <Channel number=1 CLOSING conn=<SelectConnection OPEN transport=<pika.adapters.utils.io_services_utils._AsyncPlaintextTransport object at 0x00000257A8678978> params=<URLParameters host=localhost port=5672 virtual_host=/ ssl=False>>>
2024-06-28 12:44:21,588 - [INFO] - No message
2024-06-28 12:44:22,598 - [INFO] - Pika version 1.3.1 connecting to ('::1', 5672, 0, 0)
2024-06-28 12:44:22,612 - [INFO] - Socket connected: <socket.socket fd=4268, family=AddressFamily.AF_INET6, type=SocketKind.SOCK_STREAM, proto=6, laddr=('::1', 56580, 0, 0), raddr=('::1', 5672, 0, 0)>
2024-06-28 12:44:22,612 - [INFO] - Streaming transport linked up: (<pika.adapters.utils.io_services_utils._AsyncPlaintextTransport object at 0x00000257A8698080>, _StreamingProtocolShim: <SelectConnection PROTOCOL transport=<pika.adapters.utils.io_services_utils._AsyncPlaintextTransport object at 0x00000257A8698080> params=<URLParameters host=localhost port=5672 virtual_host=/ ssl=False>>).
2024-06-28 12:44:22,664 - [INFO] - AMQPConnector - reporting success: <SelectConnection OPEN transport=<pika.adapters.utils.io_services_utils._AsyncPlaintextTransport object at 0x00000257A8698080> params=<URLParameters host=localhost port=5672 virtual_host=/ ssl=False>>
2024-06-28 12:44:22,664 - [INFO] - AMQPConnectionWorkflow - reporting success: <SelectConnection OPEN transport=<pika.adapters.utils.io_services_utils._AsyncPlaintextTransport object at 0x00000257A8698080> params=<URLParameters host=localhost port=5672 virtual_host=/ ssl=False>>
2024-06-28 12:44:22,664 - [INFO] - Connection workflow succeeded: <SelectConnection OPEN transport=<pika.adapters.utils.io_services_utils._AsyncPlaintextTransport object at 0x00000257A8698080> params=<URLParameters host=localhost port=5672 virtual_host=/ ssl=False>>
2024-06-28 12:44:22,664 - [INFO] - Created channel=1
2024-06-28 12:44:22,667 - [INFO] - Closing channel (0): 'Normal shutdown' on <Channel number=1 OPEN conn=<SelectConnection OPEN transport=<pika.adapters.utils.io_services_utils._AsyncPlaintextTransport object at 0x00000257A8698080> params=<URLParameters host=localhost port=5672 virtual_host=/ ssl=False>>>
2024-06-28 12:44:22,668 - [INFO] - Received <Channel.CloseOk> on <Channel number=1 CLOSING conn=<SelectConnection OPEN transport=<pika.adapters.utils.io_services_utils._AsyncPlaintextTransport object at 0x00000257A8698080> params=<URLParameters host=localhost port=5672 virtual_host=/ ssl=False>>>
2024-06-28 12:44:22,669 - [INFO] - No message
2024-06-28 12:44:23,684 - [INFO] - Pika version 1.3.1 connecting to ('::1', 5672, 0, 0)
2024-06-28 12:44:23,685 - [INFO] - Socket connected: <socket.socket fd=4312, family=AddressFamily.AF_INET6, type=SocketKind.SOCK_STREAM, proto=6, laddr=('::1', 56583, 0, 0), raddr=('::1', 5672, 0, 0)>
2024-06-28 12:44:23,685 - [INFO] - Streaming transport linked up: (<pika.adapters.utils.io_services_utils._AsyncPlaintextTransport object at 0x00000257A8698630>, _StreamingProtocolShim: <SelectConnection PROTOCOL transport=<pika.adapters.utils.io_services_utils._AsyncPlaintextTransport object at 0x00000257A8698630> params=<URLParameters host=localhost port=5672 virtual_host=/ ssl=False>>).
2024-06-28 12:44:23,733 - [INFO] - AMQPConnector - reporting success: <SelectConnection OPEN transport=<pika.adapters.utils.io_services_utils._AsyncPlaintextTransport object at 0x00000257A8698630> params=<URLParameters host=localhost port=5672 virtual_host=/ ssl=False>>
2024-06-28 12:44:23,734 - [INFO] - AMQPConnectionWorkflow - reporting success: <SelectConnection OPEN transport=<pika.adapters.utils.io_services_utils._AsyncPlaintextTransport object at 0x00000257A8698630> params=<URLParameters host=localhost port=5672 virtual_host=/ ssl=False>>
2024-06-28 12:44:23,734 - [INFO] - Connection workflow succeeded: <SelectConnection OPEN transport=<pika.adapters.utils.io_services_utils._AsyncPlaintextTransport object at 0x00000257A8698630> params=<URLParameters host=localhost port=5672 virtual_host=/ ssl=False>>
2024-06-28 12:44:23,734 - [INFO] - Created channel=1
2024-06-28 12:44:23,737 - [INFO] - Closing channel (0): 'Normal shutdown' on <Channel number=1 OPEN conn=<SelectConnection OPEN transport=<pika.adapters.utils.io_services_utils._AsyncPlaintextTransport object at 0x00000257A8698630> params=<URLParameters host=localhost port=5672 virtual_host=/ ssl=False>>>
2024-06-28 12:44:23,738 - [INFO] - Received <Channel.CloseOk> on <Channel number=1 CLOSING conn=<SelectConnection OPEN transport=<pika.adapters.utils.io_services_utils._AsyncPlaintextTransport object at 0x00000257A8698630> params=<URLParameters host=localhost port=5672 virtual_host=/ ssl=False>>>
2024-06-28 12:44:23,738 - [INFO] - No message
2024-06-28 12:44:24,754 - [INFO] - Pika version 1.3.1 connecting to ('::1', 5672, 0, 0)
2024-06-28 12:44:24,767 - [INFO] - Socket connected: <socket.socket fd=4328, family=AddressFamily.AF_INET6, type=SocketKind.SOCK_STREAM, proto=6, laddr=('::1', 56586, 0, 0), raddr=('::1', 5672, 0, 0)>
2024-06-28 12:44:24,767 - [INFO] - Streaming transport linked up: (<pika.adapters.utils.io_services_utils._AsyncPlaintextTransport object at 0x00000257A8698C88>, _StreamingProtocolShim: <SelectConnection PROTOCOL transport=<pika.adapters.utils.io_services_utils._AsyncPlaintextTransport object at 0x00000257A8698C88> params=<URLParameters host=localhost port=5672 virtual_host=/ ssl=False>>).
2024-06-28 12:44:24,814 - [INFO] - AMQPConnector - reporting success: <SelectConnection OPEN transport=<pika.adapters.utils.io_services_utils._AsyncPlaintextTransport object at 0x00000257A8698C88> params=<URLParameters host=localhost port=5672 virtual_host=/ ssl=False>>
2024-06-28 12:44:24,815 - [INFO] - AMQPConnectionWorkflow - reporting success: <SelectConnection OPEN transport=<pika.adapters.utils.io_services_utils._AsyncPlaintextTransport object at 0x00000257A8698C88> params=<URLParameters host=localhost port=5672 virtual_host=/ ssl=False>>
2024-06-28 12:44:24,815 - [INFO] - Connection workflow succeeded: <SelectConnection OPEN transport=<pika.adapters.utils.io_services_utils._AsyncPlaintextTransport object at 0x00000257A8698C88> params=<URLParameters host=localhost port=5672 virtual_host=/ ssl=False>>
2024-06-28 12:44:24,815 - [INFO] - Created channel=1
2024-06-28 12:44:24,818 - [INFO] - Closing channel (0): 'Normal shutdown' on <Channel number=1 OPEN conn=<SelectConnection OPEN transport=<pika.adapters.utils.io_services_utils._AsyncPlaintextTransport object at 0x00000257A8698C88> params=<URLParameters host=localhost port=5672 virtual_host=/ ssl=False>>>
2024-06-28 12:44:24,819 - [INFO] - Received <Channel.CloseOk> on <Channel number=1 CLOSING conn=<SelectConnection OPEN transport=<pika.adapters.utils.io_services_utils._AsyncPlaintextTransport object at 0x00000257A8698C88> params=<URLParameters host=localhost port=5672 virtual_host=/ ssl=False>>>
2024-06-28 12:44:24,819 - [INFO] - No message
2024-06-28 12:44:25,824 - [INFO] - Pika version 1.3.1 connecting to ('::1', 5672, 0, 0)
2024-06-28 12:44:25,838 - [INFO] - Socket connected: <socket.socket fd=4364, family=AddressFamily.AF_INET6, type=SocketKind.SOCK_STREAM, proto=6, laddr=('::1', 56589, 0, 0), raddr=('::1', 5672, 0, 0)>
2024-06-28 12:44:25,842 - [INFO] - Streaming transport linked up: (<pika.adapters.utils.io_services_utils._AsyncPlaintextTransport object at 0x00000257A86982E8>, _StreamingProtocolShim: <SelectConnection PROTOCOL transport=<pika.adapters.utils.io_services_utils._AsyncPlaintextTransport object at 0x00000257A86982E8> params=<URLParameters host=localhost port=5672 virtual_host=/ ssl=False>>).
2024-06-28 12:44:25,904 - [INFO] - AMQPConnector - reporting success: <SelectConnection OPEN transport=<pika.adapters.utils.io_services_utils._AsyncPlaintextTransport object at 0x00000257A86982E8> params=<URLParameters host=localhost port=5672 virtual_host=/ ssl=False>>
2024-06-28 12:44:25,904 - [INFO] - AMQPConnectionWorkflow - reporting success: <SelectConnection OPEN transport=<pika.adapters.utils.io_services_utils._AsyncPlaintextTransport object at 0x00000257A86982E8> params=<URLParameters host=localhost port=5672 virtual_host=/ ssl=False>>
2024-06-28 12:44:25,904 - [INFO] - Connection workflow succeeded: <SelectConnection OPEN transport=<pika.adapters.utils.io_services_utils._AsyncPlaintextTransport object at 0x00000257A86982E8> params=<URLParameters host=localhost port=5672 virtual_host=/ ssl=False>>
2024-06-28 12:44:25,904 - [INFO] - Created channel=1
2024-06-28 12:44:25,907 - [INFO] - Closing channel (0): 'Normal shutdown' on <Channel number=1 OPEN conn=<SelectConnection OPEN transport=<pika.adapters.utils.io_services_utils._AsyncPlaintextTransport object at 0x00000257A86982E8> params=<URLParameters host=localhost port=5672 virtual_host=/ ssl=False>>>
2024-06-28 12:44:25,908 - [INFO] - Received <Channel.CloseOk> on <Channel number=1 CLOSING conn=<SelectConnection OPEN transport=<pika.adapters.utils.io_services_utils._AsyncPlaintextTransport object at 0x00000257A86982E8> params=<URLParameters host=localhost port=5672 virtual_host=/ ssl=False>>>
2024-06-28 12:44:25,908 - [INFO] - No message
2024-06-28 12:44:26,913 - [INFO] - Pika version 1.3.1 connecting to ('::1', 5672, 0, 0)
2024-06-28 12:44:26,913 - [INFO] - Socket connected: <socket.socket fd=4348, family=AddressFamily.AF_INET6, type=SocketKind.SOCK_STREAM, proto=6, laddr=('::1', 56592, 0, 0), raddr=('::1', 5672, 0, 0)>
2024-06-28 12:44:26,913 - [INFO] - Streaming transport linked up: (<pika.adapters.utils.io_services_utils._AsyncPlaintextTransport object at 0x00000257A8689278>, _StreamingProtocolShim: <SelectConnection PROTOCOL transport=<pika.adapters.utils.io_services_utils._AsyncPlaintextTransport object at 0x00000257A8689278> params=<URLParameters host=localhost port=5672 virtual_host=/ ssl=False>>).
2024-06-28 12:44:26,964 - [INFO] - AMQPConnector - reporting success: <SelectConnection OPEN transport=<pika.adapters.utils.io_services_utils._AsyncPlaintextTransport object at 0x00000257A8689278> params=<URLParameters host=localhost port=5672 virtual_host=/ ssl=False>>
2024-06-28 12:44:26,964 - [INFO] - AMQPConnectionWorkflow - reporting success: <SelectConnection OPEN transport=<pika.adapters.utils.io_services_utils._AsyncPlaintextTransport object at 0x00000257A8689278> params=<URLParameters host=localhost port=5672 virtual_host=/ ssl=False>>
2024-06-28 12:44:26,964 - [INFO] - Connection workflow succeeded: <SelectConnection OPEN transport=<pika.adapters.utils.io_services_utils._AsyncPlaintextTransport object at 0x00000257A8689278> params=<URLParameters host=localhost port=5672 virtual_host=/ ssl=False>>
2024-06-28 12:44:26,964 - [INFO] - Created channel=1
2024-06-28 12:44:26,967 - [INFO] - Closing channel (0): 'Normal shutdown' on <Channel number=1 OPEN conn=<SelectConnection OPEN transport=<pika.adapters.utils.io_services_utils._AsyncPlaintextTransport object at 0x00000257A8689278> params=<URLParameters host=localhost port=5672 virtual_host=/ ssl=False>>>
2024-06-28 12:44:26,968 - [INFO] - Received <Channel.CloseOk> on <Channel number=1 CLOSING conn=<SelectConnection OPEN transport=<pika.adapters.utils.io_services_utils._AsyncPlaintextTransport object at 0x00000257A8689278> params=<URLParameters host=localhost port=5672 virtual_host=/ ssl=False>>>
2024-06-28 12:44:26,968 - [INFO] - No message
2024-06-28 12:44:27,972 - [INFO] - Pika version 1.3.1 connecting to ('::1', 5672, 0, 0)
2024-06-28 12:44:27,986 - [INFO] - Socket connected: <socket.socket fd=4252, family=AddressFamily.AF_INET6, type=SocketKind.SOCK_STREAM, proto=6, laddr=('::1', 56595, 0, 0), raddr=('::1', 5672, 0, 0)>
2024-06-28 12:44:27,986 - [INFO] - Streaming transport linked up: (<pika.adapters.utils.io_services_utils._AsyncPlaintextTransport object at 0x00000257A8689400>, _StreamingProtocolShim: <SelectConnection PROTOCOL transport=<pika.adapters.utils.io_services_utils._AsyncPlaintextTransport object at 0x00000257A8689400> params=<URLParameters host=localhost port=5672 virtual_host=/ ssl=False>>).
2024-06-28 12:44:28,034 - [INFO] - AMQPConnector - reporting success: <SelectConnection OPEN transport=<pika.adapters.utils.io_services_utils._AsyncPlaintextTransport object at 0x00000257A8689400> params=<URLParameters host=localhost port=5672 virtual_host=/ ssl=False>>
2024-06-28 12:44:28,034 - [INFO] - AMQPConnectionWorkflow - reporting success: <SelectConnection OPEN transport=<pika.adapters.utils.io_services_utils._AsyncPlaintextTransport object at 0x00000257A8689400> params=<URLParameters host=localhost port=5672 virtual_host=/ ssl=False>>
2024-06-28 12:44:28,034 - [INFO] - Connection workflow succeeded: <SelectConnection OPEN transport=<pika.adapters.utils.io_services_utils._AsyncPlaintextTransport object at 0x00000257A8689400> params=<URLParameters host=localhost port=5672 virtual_host=/ ssl=False>>
2024-06-28 12:44:28,034 - [INFO] - Created channel=1
2024-06-28 12:44:28,038 - [INFO] - Closing channel (0): 'Normal shutdown' on <Channel number=1 OPEN conn=<SelectConnection OPEN transport=<pika.adapters.utils.io_services_utils._AsyncPlaintextTransport object at 0x00000257A8689400> params=<URLParameters host=localhost port=5672 virtual_host=/ ssl=False>>>
2024-06-28 12:44:28,040 - [INFO] - Received <Channel.CloseOk> on <Channel number=1 CLOSING conn=<SelectConnection OPEN transport=<pika.adapters.utils.io_services_utils._AsyncPlaintextTransport object at 0x00000257A8689400> params=<URLParameters host=localhost port=5672 virtual_host=/ ssl=False>>>
2024-06-28 12:44:28,040 - [INFO] - No message
2024-06-28 12:44:29,056 - [INFO] - Pika version 1.3.1 connecting to ('::1', 5672, 0, 0)
2024-06-28 12:44:29,070 - [INFO] - Socket connected: <socket.socket fd=4120, family=AddressFamily.AF_INET6, type=SocketKind.SOCK_STREAM, proto=6, laddr=('::1', 56598, 0, 0), raddr=('::1', 5672, 0, 0)>
2024-06-28 12:44:29,070 - [INFO] - Streaming transport linked up: (<pika.adapters.utils.io_services_utils._AsyncPlaintextTransport object at 0x00000257A8678F60>, _StreamingProtocolShim: <SelectConnection PROTOCOL transport=<pika.adapters.utils.io_services_utils._AsyncPlaintextTransport object at 0x00000257A8678F60> params=<URLParameters host=localhost port=5672 virtual_host=/ ssl=False>>).
2024-06-28 12:44:29,124 - [INFO] - AMQPConnector - reporting success: <SelectConnection OPEN transport=<pika.adapters.utils.io_services_utils._AsyncPlaintextTransport object at 0x00000257A8678F60> params=<URLParameters host=localhost port=5672 virtual_host=/ ssl=False>>
2024-06-28 12:44:29,124 - [INFO] - AMQPConnectionWorkflow - reporting success: <SelectConnection OPEN transport=<pika.adapters.utils.io_services_utils._AsyncPlaintextTransport object at 0x00000257A8678F60> params=<URLParameters host=localhost port=5672 virtual_host=/ ssl=False>>
2024-06-28 12:44:29,124 - [INFO] - Connection workflow succeeded: <SelectConnection OPEN transport=<pika.adapters.utils.io_services_utils._AsyncPlaintextTransport object at 0x00000257A8678F60> params=<URLParameters host=localhost port=5672 virtual_host=/ ssl=False>>
2024-06-28 12:44:29,124 - [INFO] - Created channel=1
2024-06-28 12:44:29,128 - [INFO] - Closing channel (0): 'Normal shutdown' on <Channel number=1 OPEN conn=<SelectConnection OPEN transport=<pika.adapters.utils.io_services_utils._AsyncPlaintextTransport object at 0x00000257A8678F60> params=<URLParameters host=localhost port=5672 virtual_host=/ ssl=False>>>
2024-06-28 12:44:29,130 - [INFO] - Received <Channel.CloseOk> on <Channel number=1 CLOSING conn=<SelectConnection OPEN transport=<pika.adapters.utils.io_services_utils._AsyncPlaintextTransport object at 0x00000257A8678F60> params=<URLParameters host=localhost port=5672 virtual_host=/ ssl=False>>>
2024-06-28 12:44:29,130 - [INFO] - No message
2024-06-28 12:44:30,141 - [INFO] - Pika version 1.3.1 connecting to ('::1', 5672, 0, 0)
2024-06-28 12:44:30,155 - [INFO] - Socket connected: <socket.socket fd=4220, family=AddressFamily.AF_INET6, type=SocketKind.SOCK_STREAM, proto=6, laddr=('::1', 56601, 0, 0), raddr=('::1', 5672, 0, 0)>
2024-06-28 12:44:30,155 - [INFO] - Streaming transport linked up: (<pika.adapters.utils.io_services_utils._AsyncPlaintextTransport object at 0x00000257A8678390>, _StreamingProtocolShim: <SelectConnection PROTOCOL transport=<pika.adapters.utils.io_services_utils._AsyncPlaintextTransport object at 0x00000257A8678390> params=<URLParameters host=localhost port=5672 virtual_host=/ ssl=False>>).
2024-06-28 12:44:30,204 - [INFO] - AMQPConnector - reporting success: <SelectConnection OPEN transport=<pika.adapters.utils.io_services_utils._AsyncPlaintextTransport object at 0x00000257A8678390> params=<URLParameters host=localhost port=5672 virtual_host=/ ssl=False>>
2024-06-28 12:44:30,204 - [INFO] - AMQPConnectionWorkflow - reporting success: <SelectConnection OPEN transport=<pika.adapters.utils.io_services_utils._AsyncPlaintextTransport object at 0x00000257A8678390> params=<URLParameters host=localhost port=5672 virtual_host=/ ssl=False>>
2024-06-28 12:44:30,204 - [INFO] - Connection workflow succeeded: <SelectConnection OPEN transport=<pika.adapters.utils.io_services_utils._AsyncPlaintextTransport object at 0x00000257A8678390> params=<URLParameters host=localhost port=5672 virtual_host=/ ssl=False>>
2024-06-28 12:44:30,204 - [INFO] - Created channel=1
2024-06-28 12:44:30,207 - [INFO] - Closing channel (0): 'Normal shutdown' on <Channel number=1 OPEN conn=<SelectConnection OPEN transport=<pika.adapters.utils.io_services_utils._AsyncPlaintextTransport object at 0x00000257A8678390> params=<URLParameters host=localhost port=5672 virtual_host=/ ssl=False>>>
2024-06-28 12:44:30,207 - [INFO] - Received <Channel.CloseOk> on <Channel number=1 CLOSING conn=<SelectConnection OPEN transport=<pika.adapters.utils.io_services_utils._AsyncPlaintextTransport object at 0x00000257A8678390> params=<URLParameters host=localhost port=5672 virtual_host=/ ssl=False>>>
2024-06-28 12:44:30,208 - [INFO] - No message
2024-06-28 12:44:31,210 - [INFO] - Pika version 1.3.1 connecting to ('::1', 5672, 0, 0)
2024-06-28 12:44:31,224 - [INFO] - Socket connected: <socket.socket fd=4308, family=AddressFamily.AF_INET6, type=SocketKind.SOCK_STREAM, proto=6, laddr=('::1', 56604, 0, 0), raddr=('::1', 5672, 0, 0)>
2024-06-28 12:44:31,224 - [INFO] - Streaming transport linked up: (<pika.adapters.utils.io_services_utils._AsyncPlaintextTransport object at 0x00000257A8671278>, _StreamingProtocolShim: <SelectConnection PROTOCOL transport=<pika.adapters.utils.io_services_utils._AsyncPlaintextTransport object at 0x00000257A8671278> params=<URLParameters host=localhost port=5672 virtual_host=/ ssl=False>>).
2024-06-28 12:44:31,274 - [INFO] - AMQPConnector - reporting success: <SelectConnection OPEN transport=<pika.adapters.utils.io_services_utils._AsyncPlaintextTransport object at 0x00000257A8671278> params=<URLParameters host=localhost port=5672 virtual_host=/ ssl=False>>
2024-06-28 12:44:31,274 - [INFO] - AMQPConnectionWorkflow - reporting success: <SelectConnection OPEN transport=<pika.adapters.utils.io_services_utils._AsyncPlaintextTransport object at 0x00000257A8671278> params=<URLParameters host=localhost port=5672 virtual_host=/ ssl=False>>
2024-06-28 12:44:31,274 - [INFO] - Connection workflow succeeded: <SelectConnection OPEN transport=<pika.adapters.utils.io_services_utils._AsyncPlaintextTransport object at 0x00000257A8671278> params=<URLParameters host=localhost port=5672 virtual_host=/ ssl=False>>
2024-06-28 12:44:31,274 - [INFO] - Created channel=1
2024-06-28 12:44:31,278 - [INFO] - Closing channel (0): 'Normal shutdown' on <Channel number=1 OPEN conn=<SelectConnection OPEN transport=<pika.adapters.utils.io_services_utils._AsyncPlaintextTransport object at 0x00000257A8671278> params=<URLParameters host=localhost port=5672 virtual_host=/ ssl=False>>>
2024-06-28 12:44:31,279 - [INFO] - Received <Channel.CloseOk> on <Channel number=1 CLOSING conn=<SelectConnection OPEN transport=<pika.adapters.utils.io_services_utils._AsyncPlaintextTransport object at 0x00000257A8671278> params=<URLParameters host=localhost port=5672 virtual_host=/ ssl=False>>>
2024-06-28 12:44:31,279 - [INFO] - No message
2024-06-28 12:44:32,297 - [INFO] - Pika version 1.3.1 connecting to ('::1', 5672, 0, 0)
2024-06-28 12:44:32,311 - [INFO] - Socket connected: <socket.socket fd=4280, family=AddressFamily.AF_INET6, type=SocketKind.SOCK_STREAM, proto=6, laddr=('::1', 56607, 0, 0), raddr=('::1', 5672, 0, 0)>
2024-06-28 12:44:32,311 - [INFO] - Streaming transport linked up: (<pika.adapters.utils.io_services_utils._AsyncPlaintextTransport object at 0x00000257A8671CC0>, _StreamingProtocolShim: <SelectConnection PROTOCOL transport=<pika.adapters.utils.io_services_utils._AsyncPlaintextTransport object at 0x00000257A8671CC0> params=<URLParameters host=localhost port=5672 virtual_host=/ ssl=False>>).
2024-06-28 12:44:32,364 - [INFO] - AMQPConnector - reporting success: <SelectConnection OPEN transport=<pika.adapters.utils.io_services_utils._AsyncPlaintextTransport object at 0x00000257A8671CC0> params=<URLParameters host=localhost port=5672 virtual_host=/ ssl=False>>
2024-06-28 12:44:32,364 - [INFO] - AMQPConnectionWorkflow - reporting success: <SelectConnection OPEN transport=<pika.adapters.utils.io_services_utils._AsyncPlaintextTransport object at 0x00000257A8671CC0> params=<URLParameters host=localhost port=5672 virtual_host=/ ssl=False>>
2024-06-28 12:44:32,364 - [INFO] - Connection workflow succeeded: <SelectConnection OPEN transport=<pika.adapters.utils.io_services_utils._AsyncPlaintextTransport object at 0x00000257A8671CC0> params=<URLParameters host=localhost port=5672 virtual_host=/ ssl=False>>
2024-06-28 12:44:32,364 - [INFO] - Created channel=1
2024-06-28 12:44:32,368 - [INFO] - Closing channel (0): 'Normal shutdown' on <Channel number=1 OPEN conn=<SelectConnection OPEN transport=<pika.adapters.utils.io_services_utils._AsyncPlaintextTransport object at 0x00000257A8671CC0> params=<URLParameters host=localhost port=5672 virtual_host=/ ssl=False>>>
2024-06-28 12:44:32,369 - [INFO] - Received <Channel.CloseOk> on <Channel number=1 CLOSING conn=<SelectConnection OPEN transport=<pika.adapters.utils.io_services_utils._AsyncPlaintextTransport object at 0x00000257A8671CC0> params=<URLParameters host=localhost port=5672 virtual_host=/ ssl=False>>>
2024-06-28 12:44:32,369 - [INFO] - No message
2024-06-28 12:44:33,378 - [INFO] - Pika version 1.3.1 connecting to ('::1', 5672, 0, 0)
2024-06-28 12:44:33,379 - [INFO] - Socket connected: <socket.socket fd=4132, family=AddressFamily.AF_INET6, type=SocketKind.SOCK_STREAM, proto=6, laddr=('::1', 56610, 0, 0), raddr=('::1', 5672, 0, 0)>
2024-06-28 12:44:33,379 - [INFO] - Streaming transport linked up: (<pika.adapters.utils.io_services_utils._AsyncPlaintextTransport object at 0x00000257A8682208>, _StreamingProtocolShim: <SelectConnection PROTOCOL transport=<pika.adapters.utils.io_services_utils._AsyncPlaintextTransport object at 0x00000257A8682208> params=<URLParameters host=localhost port=5672 virtual_host=/ ssl=False>>).
2024-06-28 12:44:33,434 - [INFO] - AMQPConnector - reporting success: <SelectConnection OPEN transport=<pika.adapters.utils.io_services_utils._AsyncPlaintextTransport object at 0x00000257A8682208> params=<URLParameters host=localhost port=5672 virtual_host=/ ssl=False>>
2024-06-28 12:44:33,434 - [INFO] - AMQPConnectionWorkflow - reporting success: <SelectConnection OPEN transport=<pika.adapters.utils.io_services_utils._AsyncPlaintextTransport object at 0x00000257A8682208> params=<URLParameters host=localhost port=5672 virtual_host=/ ssl=False>>
2024-06-28 12:44:33,434 - [INFO] - Connection workflow succeeded: <SelectConnection OPEN transport=<pika.adapters.utils.io_services_utils._AsyncPlaintextTransport object at 0x00000257A8682208> params=<URLParameters host=localhost port=5672 virtual_host=/ ssl=False>>
2024-06-28 12:44:33,435 - [INFO] - Created channel=1
2024-06-28 12:44:33,438 - [INFO] - Closing channel (0): 'Normal shutdown' on <Channel number=1 OPEN conn=<SelectConnection OPEN transport=<pika.adapters.utils.io_services_utils._AsyncPlaintextTransport object at 0x00000257A8682208> params=<URLParameters host=localhost port=5672 virtual_host=/ ssl=False>>>
2024-06-28 12:44:33,439 - [INFO] - Received <Channel.CloseOk> on <Channel number=1 CLOSING conn=<SelectConnection OPEN transport=<pika.adapters.utils.io_services_utils._AsyncPlaintextTransport object at 0x00000257A8682208> params=<URLParameters host=localhost port=5672 virtual_host=/ ssl=False>>>
2024-06-28 12:44:33,440 - [INFO] - No message
2024-06-28 12:44:34,451 - [INFO] - Pika version 1.3.1 connecting to ('::1', 5672, 0, 0)
2024-06-28 12:44:34,452 - [INFO] - Socket connected: <socket.socket fd=4352, family=AddressFamily.AF_INET6, type=SocketKind.SOCK_STREAM, proto=6, laddr=('::1', 56613, 0, 0), raddr=('::1', 5672, 0, 0)>
2024-06-28 12:44:34,452 - [INFO] - Streaming transport linked up: (<pika.adapters.utils.io_services_utils._AsyncPlaintextTransport object at 0x00000257A8682E48>, _StreamingProtocolShim: <SelectConnection PROTOCOL transport=<pika.adapters.utils.io_services_utils._AsyncPlaintextTransport object at 0x00000257A8682E48> params=<URLParameters host=localhost port=5672 virtual_host=/ ssl=False>>).
2024-06-28 12:44:34,504 - [INFO] - AMQPConnector - reporting success: <SelectConnection OPEN transport=<pika.adapters.utils.io_services_utils._AsyncPlaintextTransport object at 0x00000257A8682E48> params=<URLParameters host=localhost port=5672 virtual_host=/ ssl=False>>
2024-06-28 12:44:34,504 - [INFO] - AMQPConnectionWorkflow - reporting success: <SelectConnection OPEN transport=<pika.adapters.utils.io_services_utils._AsyncPlaintextTransport object at 0x00000257A8682E48> params=<URLParameters host=localhost port=5672 virtual_host=/ ssl=False>>
2024-06-28 12:44:34,504 - [INFO] - Connection workflow succeeded: <SelectConnection OPEN transport=<pika.adapters.utils.io_services_utils._AsyncPlaintextTransport object at 0x00000257A8682E48> params=<URLParameters host=localhost port=5672 virtual_host=/ ssl=False>>
2024-06-28 12:44:34,504 - [INFO] - Created channel=1
2024-06-28 12:44:34,507 - [INFO] - Closing channel (0): 'Normal shutdown' on <Channel number=1 OPEN conn=<SelectConnection OPEN transport=<pika.adapters.utils.io_services_utils._AsyncPlaintextTransport object at 0x00000257A8682E48> params=<URLParameters host=localhost port=5672 virtual_host=/ ssl=False>>>
2024-06-28 12:44:34,508 - [INFO] - Received <Channel.CloseOk> on <Channel number=1 CLOSING conn=<SelectConnection OPEN transport=<pika.adapters.utils.io_services_utils._AsyncPlaintextTransport object at 0x00000257A8682E48> params=<URLParameters host=localhost port=5672 virtual_host=/ ssl=False>>>
2024-06-28 12:44:34,509 - [INFO] - No message
2024-06-28 12:44:35,525 - [INFO] - Pika version 1.3.1 connecting to ('::1', 5672, 0, 0)
2024-06-28 12:44:35,525 - [INFO] - Socket connected: <socket.socket fd=4224, family=AddressFamily.AF_INET6, type=SocketKind.SOCK_STREAM, proto=6, laddr=('::1', 56616, 0, 0), raddr=('::1', 5672, 0, 0)>
2024-06-28 12:44:35,526 - [INFO] - Streaming transport linked up: (<pika.adapters.utils.io_services_utils._AsyncPlaintextTransport object at 0x00000257A8668CF8>, _StreamingProtocolShim: <SelectConnection PROTOCOL transport=<pika.adapters.utils.io_services_utils._AsyncPlaintextTransport object at 0x00000257A8668CF8> params=<URLParameters host=localhost port=5672 virtual_host=/ ssl=False>>).
